<?xml version="1.0" encoding="UTF-8"?>
<!-- Generated by org.testng.reporters.JUnitXMLReporter -->
<testsuite ignored="0" hostname="DESKTOP-HRGUEQ0" failures="0" tests="4" name="Default test" time="0.219" errors="0" timestamp="2022-12-05T16:42:05 IST">
  <testcase classname="sample.Sample1Test" name="tc1" time="0.022"/>
  <testcase classname="sample.Sample1Test" name="tc2" time="0.005"/>
  <testcase classname="sample.Sample2Test" name="tc" time="0.006"/>
  <testcase classname="sample.Sample2Test" name="tc3" time="0.005"/>
</testsuite> <!-- Default test -->
