<?xml version="1.0" encoding="UTF-8"?>
<testng-results ignored="0" total="4" passed="4" failed="0" skipped="0">
  <reporter-output>
  </reporter-output>
  <suite started-at="2022-12-05T16:42:05 IST" name="Default suite" finished-at="2022-12-05T16:42:05 IST" duration-ms="219">
    <groups>
    </groups>
    <test started-at="2022-12-05T16:42:05 IST" name="Default test" finished-at="2022-12-05T16:42:05 IST" duration-ms="219">
      <class name="sample.Sample1Test">
        <test-method signature="tc1()[pri:0, instance:sample.Sample1Test@2fd1433e]" started-at="2022-12-05T16:42:05 IST" name="tc1" finished-at="2022-12-05T16:42:05 IST" duration-ms="22" status="PASS">
          <reporter-output>
          </reporter-output>
        </test-method> <!-- tc1 -->
        <test-method signature="tc2()[pri:0, instance:sample.Sample1Test@2fd1433e]" started-at="2022-12-05T16:42:05 IST" name="tc2" finished-at="2022-12-05T16:42:05 IST" duration-ms="5" status="PASS">
          <reporter-output>
          </reporter-output>
        </test-method> <!-- tc2 -->
      </class> <!-- sample.Sample1Test -->
      <class name="sample.Sample2Test">
        <test-method signature="tc()[pri:0, instance:sample.Sample2Test@3e84448c]" started-at="2022-12-05T16:42:05 IST" name="tc" finished-at="2022-12-05T16:42:05 IST" duration-ms="6" status="PASS">
          <reporter-output>
          </reporter-output>
        </test-method> <!-- tc -->
        <test-method signature="tc3()[pri:0, instance:sample.Sample2Test@3e84448c]" started-at="2022-12-05T16:42:05 IST" name="tc3" finished-at="2022-12-05T16:42:05 IST" duration-ms="5" status="PASS">
          <reporter-output>
          </reporter-output>
        </test-method> <!-- tc3 -->
      </class> <!-- sample.Sample2Test -->
    </test> <!-- Default test -->
  </suite> <!-- Default suite -->
</testng-results>
